EPOCH ::: 1
Training Net: 100%|█████████████████████████████████████████████████████████████████████████████████████████████████████████████████████████████████████████████████████████████████████████████████████████████████████████████████████████| 255/255 [03:58<00:00,  1.07it/s, Loss_pi=3.27e+00, Loss_v=1.49e-04]
EPOCH ::: 2
Training Net: 100%|█████████████████████████████████████████████████████████████████████████████████████████████████████████████████████████████████████████████████████████████████████████████████████████████████████████████████████████████████████████████████| 255/255 [03:55<00:00,  1.08it/s, Loss_pi=1.36e+00, Loss_v=2.86e-08]
EPOCH ::: 3
Training Net: 100%|███████████████████████████████████████████████████████████████████████████████████████████████████████████████████████████████████████████████████████████████████████████████████████████████████████████████████████████████████████████████████████████████████████████████| 255/255 [04:20<00:00,  1.02s/it, Loss_pi=9.01e-01, Loss_v=1.24e-09]
EPOCH ::: 4
Training Net: 100%|███████████████████████████████████████████████████████████████████████████████████████████████████████████████████████████████████████████████████████████████████████████████████████████████████████████████████████████████████████████████████████████████████████████████| 255/255 [04:24<00:00,  1.04s/it, Loss_pi=8.58e-01, Loss_v=2.55e-08]
EPOCH ::: 5
Training Net: 100%|███████████████████████████████████████████████████████████████████████████████████████████████████████████████████████████████████████████████████████████████████████████████████████████████████████████████████████████████████████████████████████████████████████████████| 255/255 [04:22<00:00,  1.03s/it, Loss_pi=6.46e-01, Loss_v=9.61e-09]
EPOCH ::: 6
Training Net: 100%|███████████████████████████████████████████████████████████████████████████████████████████████████████████████████████████████████████████████████████████████████████████████████████████████████████████████████████████████████████████████████████████████████████████████| 255/255 [04:20<00:00,  1.02s/it, Loss_pi=5.66e-01, Loss_v=9.57e-10]
EPOCH ::: 7
Training Net: 100%|███████████████████████████████████████████████████████████████████████████████████████████████████████████████████████████████████████████████████████████████████████████████████████████████████████████████████████████████████████████████████████████████████████████████| 255/255 [04:16<00:00,  1.00s/it, Loss_pi=5.00e-01, Loss_v=3.67e-10]
EPOCH ::: 8
Training Net: 100%|███████████████████████████████████████████████████████████████████████████████████████████████████████████████████████████████████████████████████████████████████████████████████████████████████████████████████████████████████████████████████████████████████████████████| 255/255 [03:38<00:00,  1.17it/s, Loss_pi=4.50e-01, Loss_v=1.80e-10]
EPOCH ::: 9
Training Net: 100%|███████████████████████████████████████████████████████████████████████████████████████████████████████████████████████████████████████████████████████████████████████████████████████████████████████████████████████████████████████████████████████████████████████████████| 255/255 [03:32<00:00,  1.20it/s, Loss_pi=4.05e-01, Loss_v=5.35e-11]
EPOCH ::: 10
Training Net: 100%|███████████████████████████████████████████████████████████████████████████████████████████████████████████████████████████████████████████████████████████████████████████████████████████████████████████████████████████████████████████████████████████████████████████████| 255/255 [03:32<00:00,  1.20it/s, Loss_pi=6.17e-01, Loss_v=5.95e-12]
EPOCH ::: 11
Training Net: 100%|███████████████████████████████████████████████████████████████████████████████████████████████████████████████████████████████████████████████████████████████████████████████████████████████████████████████████████████████████████████████████████████████████████████████| 255/255 [03:31<00:00,  1.20it/s, Loss_pi=4.08e-01, Loss_v=1.08e-12]
EPOCH ::: 12
Training Net: 100%|███████████████████████████████████████████████████████████████████████████████████████████████████████████████████████████████████████████████████████████████████████████████████████████████████████████████████████████████████████████████████████████████████████████████| 255/255 [03:31<00:00,  1.20it/s, Loss_pi=3.44e-01, Loss_v=2.30e-12]
EPOCH ::: 13
Training Net: 100%|███████████████████████████████████████████████████████████████████████████████████████████████████████████████████████████████████████████████████████████████████████████████████████████████████████████████████████████████████████████████████████████████████████████████| 255/255 [03:29<00:00,  1.22it/s, Loss_pi=3.00e-01, Loss_v=5.54e-13]
EPOCH ::: 14
Training Net: 100%|███████████████████████████████████████████████████████████████████████████████████████████████████████████████████████████████████████████████████████████████████████████████████████████████████████████████████████████████████████████████████████████████████████████████| 255/255 [03:29<00:00,  1.22it/s, Loss_pi=2.65e-01, Loss_v=5.13e-13]
EPOCH ::: 15
Training Net: 100%|███████████████████████████████████████████████████████████████████████████████████████████████████████████████████████████████████████████████████████████████████████████████████████████████████████████████████████████████████████████████████████████████████████████████| 255/255 [03:29<00:00,  1.22it/s, Loss_pi=2.37e-01, Loss_v=3.18e-12]
EPOCH ::: 16
Training Net: 100%|███████████████████████████████████████████████████████████████████████████████████████████████████████████████████████████████████████████████████████████████████████████████████████████████████████████████████████████████████████████████████████████████████████████████| 255/255 [03:28<00:00,  1.22it/s, Loss_pi=2.10e-01, Loss_v=2.04e-13]
EPOCH ::: 17
Training Net: 100%|███████████████████████████████████████████████████████████████████████████████████████████████████████████████████████████████████████████████████████████████████████████████████████████████████████████████████████████████████████████████████████████████████████████████| 255/255 [03:29<00:00,  1.21it/s, Loss_pi=1.87e-01, Loss_v=3.64e-13]
EPOCH ::: 18
Training Net: 100%|███████████████████████████████████████████████████████████████████████████████████████████████████████████████████████████████████████████████████████████████████████████████████████████████████████████████████████████████████████████████████████████████████████████████| 255/255 [03:29<00:00,  1.22it/s, Loss_pi=1.65e-01, Loss_v=9.23e-13]
EPOCH ::: 19
Training Net: 100%|███████████████████████████████████████████████████████████████████████████████████████████████████████████████████████████████████████████████████████████████████████████████████████████████████████████████████████████████████████████████████████████████████████████████| 255/255 [03:28<00:00,  1.22it/s, Loss_pi=1.48e-01, Loss_v=3.93e-13]
EPOCH ::: 20
Training Net: 100%|███████████████████████████████████████████████████████████████████████████████████████████████████████████████████████████████████████████████████████████████████████████████████████████████████████████████████████████████████████████████████████████████████████████████| 255/255 [03:29<00:00,  1.22it/s, Loss_pi=1.32e-01, Loss_v=3.24e-13]
EPOCH ::: 21
Training Net: 100%|███████████████████████████████████████████████████████████████████████████████████████████████████████████████████████████████████████████████████████████████████████████████████████████████████████████████████████████████████████████████████████████████████████████████| 255/255 [03:29<00:00,  1.22it/s, Loss_pi=1.16e-01, Loss_v=1.20e-13]
EPOCH ::: 22
Training Net: 100%|███████████████████████████████████████████████████████████████████████████████████████████████████████████████████████████████████████████████████████████████████████████████████████████████████████████████████████████████████████████████████████████████████████████████| 255/255 [03:29<00:00,  1.22it/s, Loss_pi=1.05e-01, Loss_v=1.67e-12]
EPOCH ::: 23
Training Net: 100%|███████████████████████████████████████████████████████████████████████████████████████████████████████████████████████████████████████████████████████████████████████████████████████████████████████████████████████████████████████████████████████████████████████████████| 255/255 [03:29<00:00,  1.22it/s, Loss_pi=9.37e-02, Loss_v=2.58e-13]
EPOCH ::: 24
Training Net: 100%|███████████████████████████████████████████████████████████████████████████████████████████████████████████████████████████████████████████████████████████████████████████████████████████████████████████████████████████████████████████████████████████████████████████████| 255/255 [03:29<00:00,  1.22it/s, Loss_pi=8.67e-02, Loss_v=2.54e-13]
EPOCH ::: 25
Training Net: 100%|███████████████████████████████████████████████████████████████████████████████████████████████████████████████████████████████████████████████████████████████████████████████████████████████████████████████████████████████████████████████████████████████████████████████| 255/255 [03:29<00:00,  1.22it/s, Loss_pi=7.95e-02, Loss_v=2.98e-13]
EPOCH ::: 26
Training Net: 100%|███████████████████████████████████████████████████████████████████████████████████████████████████████████████████████████████████████████████████████████████████████████████████████████████████████████████████████████████████████████████████████████████████████████████| 255/255 [03:29<00:00,  1.22it/s, Loss_pi=7.28e-02, Loss_v=2.82e-13]
EPOCH ::: 27
Training Net: 100%|███████████████████████████████████████████████████████████████████████████████████████████████████████████████████████████████████████████████████████████████████████████████████████████████████████████████████████████████████████████████████████████████████████████████| 255/255 [03:28<00:00,  1.22it/s, Loss_pi=6.82e-02, Loss_v=6.11e-14]
EPOCH ::: 28
Training Net: 100%|███████████████████████████████████████████████████████████████████████████████████████████████████████████████████████████████████████████████████████████████████████████████████████████████████████████████████████████████████████████████████████████████████████████████| 255/255 [03:29<00:00,  1.22it/s, Loss_pi=6.55e-02, Loss_v=1.37e-13]
EPOCH ::: 29
Training Net: 100%|███████████████████████████████████████████████████████████████████████████████████████████████████████████████████████████████████████████████████████████████████████████████████████████████████████████████████████████████████████████████████████████████████████████████| 255/255 [03:29<00:00,  1.22it/s, Loss_pi=5.94e-02, Loss_v=1.44e-13]
EPOCH ::: 30
Training Net: 100%|███████████████████████████████████████████████████████████████████████████████████████████████████████████████████████████████████████████████████████████████████████████████████████████████████████████████████████████████████████████████████████████████████████████████| 255/255 [03:28<00:00,  1.22it/s, Loss_pi=5.64e-02, Loss_v=3.52e-13]
EPOCH ::: 31
Training Net: 100%|███████████████████████████████████████████████████████████████████████████████████████████████████████████████████████████████████████████████████████████████████████████████████████████████████████████████████████████████████████████████████████████████████████████████| 255/255 [03:29<00:00,  1.22it/s, Loss_pi=5.55e-02, Loss_v=2.33e-13]
EPOCH ::: 32
Training Net: 100%|███████████████████████████████████████████████████████████████████████████████████████████████████████████████████████████████████████████████████████████████████████████████████████████████████████████████████████████████████████████████████████████████████████████████| 255/255 [03:28<00:00,  1.22it/s, Loss_pi=5.30e-02, Loss_v=1.95e-13]
EPOCH ::: 33
Training Net: 100%|███████████████████████████████████████████████████████████████████████████████████████████████████████████████████████████████████████████████████████████████████████████████████████████████████████████████████████████████████████████████████████████████████████████████| 255/255 [03:29<00:00,  1.22it/s, Loss_pi=5.04e-02, Loss_v=2.02e-13]
EPOCH ::: 34
Training Net: 100%|███████████████████████████████████████████████████████████████████████████████████████████████████████████████████████████████████████████████████████████████████████████████████████████████████████████████████████████████████████████████████████████████████████████████| 255/255 [03:28<00:00,  1.22it/s, Loss_pi=4.78e-02, Loss_v=1.31e-13]
EPOCH ::: 35
Training Net: 100%|███████████████████████████████████████████████████████████████████████████████████████████████████████████████████████████████████████████████████████████████████████████████████████████████████████████████████████████████████████████████████████████████████████████████| 255/255 [03:28<00:00,  1.22it/s, Loss_pi=4.65e-02, Loss_v=2.66e-13]
EPOCH ::: 36
Training Net: 100%|███████████████████████████████████████████████████████████████████████████████████████████████████████████████████████████████████████████████████████████████████████████████████████████████████████████████████████████████████████████████████████████████████████████████| 255/255 [03:29<00:00,  1.22it/s, Loss_pi=4.42e-02, Loss_v=5.01e-13]
EPOCH ::: 37
Training Net: 100%|███████████████████████████████████████████████████████████████████████████████████████████████████████████████████████████████████████████████████████████████████████████████████████████████████████████████████████████████████████████████████████████████████████████████| 255/255 [03:29<00:00,  1.22it/s, Loss_pi=4.20e-02, Loss_v=1.24e-12]
EPOCH ::: 38
Training Net: 100%|███████████████████████████████████████████████████████████████████████████████████████████████████████████████████████████████████████████████████████████████████████████████████████████████████████████████████████████████████████████████████████████████████████████████| 255/255 [03:29<00:00,  1.22it/s, Loss_pi=3.98e-02, Loss_v=2.55e-13]
EPOCH ::: 39
Training Net: 100%|███████████████████████████████████████████████████████████████████████████████████████████████████████████████████████████████████████████████████████████████████████████████████████████████████████████████████████████████████████████████████████████████████████████████| 255/255 [03:29<00:00,  1.22it/s, Loss_pi=3.99e-02, Loss_v=1.18e-13]
EPOCH ::: 40
Training Net: 100%|███████████████████████████████████████████████████████████████████████████████████████████████████████████████████████████████████████████████████████████████████████████████████████████████████████████████████████████████████████████████████████████████████████████████| 255/255 [03:28<00:00,  1.22it/s, Loss_pi=3.89e-02, Loss_v=2.75e-14]
EPOCH ::: 41
Training Net: 100%|███████████████████████████████████████████████████████████████████████████████████████████████████████████████████████████████████████████████████████████████████████████████████████████████████████████████████████████████████████████████████████████████████████████████| 255/255 [03:29<00:00,  1.22it/s, Loss_pi=3.72e-02, Loss_v=2.21e-13]
EPOCH ::: 42
Training Net: 100%|███████████████████████████████████████████████████████████████████████████████████████████████████████████████████████████████████████████████████████████████████████████████████████████████████████████████████████████████████████████████████████████████████████████████| 255/255 [03:29<00:00,  1.21it/s, Loss_pi=3.63e-02, Loss_v=2.20e-13]
EPOCH ::: 43
Training Net: 100%|███████████████████████████████████████████████████████████████████████████████████████████████████████████████████████████████████████████████████████████████████████████████████████████████████████████████████████████████████████████████████████████████████████████████| 255/255 [03:28<00:00,  1.22it/s, Loss_pi=3.55e-02, Loss_v=8.61e-13]
EPOCH ::: 44
Training Net: 100%|███████████████████████████████████████████████████████████████████████████████████████████████████████████████████████████████████████████████████████████████████████████████████████████████████████████████████████████████████████████████████████████████████████████████| 255/255 [03:28<00:00,  1.22it/s, Loss_pi=3.50e-02, Loss_v=1.24e-13]
EPOCH ::: 45
Training Net: 100%|███████████████████████████████████████████████████████████████████████████████████████████████████████████████████████████████████████████████████████████████████████████████████████████████████████████████████████████████████████████████████████████████████████████████| 255/255 [03:29<00:00,  1.22it/s, Loss_pi=3.47e-02, Loss_v=1.64e-13]
EPOCH ::: 46
Training Net: 100%|███████████████████████████████████████████████████████████████████████████████████████████████████████████████████████████████████████████████████████████████████████████████████████████████████████████████████████████████████████████████████████████████████████████████| 255/255 [03:29<00:00,  1.22it/s, Loss_pi=3.15e-02, Loss_v=5.23e-13]
EPOCH ::: 47
Training Net: 100%|███████████████████████████████████████████████████████████████████████████████████████████████████████████████████████████████████████████████████████████████████████████████████████████████████████████████████████████████████████████████████████████████████████████████| 255/255 [03:29<00:00,  1.22it/s, Loss_pi=2.99e-02, Loss_v=4.39e-13]
EPOCH ::: 48
Training Net: 100%|███████████████████████████████████████████████████████████████████████████████████████████████████████████████████████████████████████████████████████████████████████████████████████████████████████████████████████████████████████████████████████████████████████████████| 255/255 [03:28<00:00,  1.22it/s, Loss_pi=3.14e-02, Loss_v=8.39e-13]
EPOCH ::: 49
Training Net: 100%|███████████████████████████████████████████████████████████████████████████████████████████████████████████████████████████████████████████████████████████████████████████████████████████████████████████████████████████████████████████████████████████████████████████████| 255/255 [03:28<00:00,  1.22it/s, Loss_pi=3.14e-02, Loss_v=7.26e-14]
EPOCH ::: 50
Training Net: 100%|███████████████████████████████████████████████████████████████████████████████████████████████████████████████████████████████████████████████████████████████████████████████████████████████████████████████████████████████████████████████████████████████████████████████| 255/255 [03:28<00:00,  1.22it/s, Loss_pi=2.91e-02, Loss_v=1.46e-12]
EPOCH ::: 51
Training Net: 100%|███████████████████████████████████████████████████████████████████████████████████████████████████████████████████████████████████████████████████████████████████████████████████████████████████████████████████████████████████████████████████████████████████████████████| 255/255 [03:29<00:00,  1.22it/s, Loss_pi=2.98e-02, Loss_v=2.33e-13]
EPOCH ::: 52
Training Net: 100%|███████████████████████████████████████████████████████████████████████████████████████████████████████████████████████████████████████████████████████████████████████████████████████████████████████████████████████████████████████████████████████████████████████████████| 255/255 [03:28<00:00,  1.22it/s, Loss_pi=2.86e-02, Loss_v=2.31e-13]
EPOCH ::: 53
Training Net: 100%|███████████████████████████████████████████████████████████████████████████████████████████████████████████████████████████████████████████████████████████████████████████████████████████████████████████████████████████████████████████████████████████████████████████████| 255/255 [03:28<00:00,  1.22it/s, Loss_pi=2.83e-02, Loss_v=1.42e-14]
EPOCH ::: 54
Training Net: 100%|███████████████████████████████████████████████████████████████████████████████████████████████████████████████████████████████████████████████████████████████████████████████████████████████████████████████████████████████████████████████████████████████████████████████| 255/255 [03:28<00:00,  1.22it/s, Loss_pi=2.65e-02, Loss_v=2.00e-13]
EPOCH ::: 55
Training Net: 100%|███████████████████████████████████████████████████████████████████████████████████████████████████████████████████████████████████████████████████████████████████████████████████████████████████████████████████████████████████████████████████████████████████████████████| 255/255 [03:29<00:00,  1.22it/s, Loss_pi=2.57e-02, Loss_v=6.01e-13]
EPOCH ::: 56
Training Net: 100%|███████████████████████████████████████████████████████████████████████████████████████████████████████████████████████████████████████████████████████████████████████████████████████████████████████████████████████████████████████████████████████████████████████████████| 255/255 [03:28<00:00,  1.22it/s, Loss_pi=2.59e-02, Loss_v=4.58e-13]
EPOCH ::: 57
Training Net: 100%|███████████████████████████████████████████████████████████████████████████████████████████████████████████████████████████████████████████████████████████████████████████████████████████████████████████████████████████████████████████████████████████████████████████████| 255/255 [03:28<00:00,  1.22it/s, Loss_pi=2.70e-02, Loss_v=7.66e-14]
EPOCH ::: 58
Training Net: 100%|███████████████████████████████████████████████████████████████████████████████████████████████████████████████████████████████████████████████████████████████████████████████████████████████████████████████████████████████████████████████████████████████████████████████| 255/255 [03:28<00:00,  1.22it/s, Loss_pi=2.53e-02, Loss_v=1.37e-13]
EPOCH ::: 59
Training Net: 100%|███████████████████████████████████████████████████████████████████████████████████████████████████████████████████████████████████████████████████████████████████████████████████████████████████████████████████████████████████████████████████████████████████████████████| 255/255 [03:29<00:00,  1.22it/s, Loss_pi=2.34e-02, Loss_v=7.21e-14]
EPOCH ::: 60
Training Net: 100%|███████████████████████████████████████████████████████████████████████████████████████████████████████████████████████████████████████████████████████████████████████████████████████████████████████████████████████████████████████████████████████████████████████████████| 255/255 [03:28<00:00,  1.22it/s, Loss_pi=2.35e-02, Loss_v=9.75e-14]
EPOCH ::: 61
Training Net: 100%|███████████████████████████████████████████████████████████████████████████████████████████████████████████████████████████████████████████████████████████████████████████████████████████████████████████████████████████████████████████████████████████████████████████████| 255/255 [03:28<00:00,  1.22it/s, Loss_pi=2.26e-02, Loss_v=8.86e-14]
EPOCH ::: 62
Training Net: 100%|███████████████████████████████████████████████████████████████████████████████████████████████████████████████████████████████████████████████████████████████████████████████████████████████████████████████████████████████████████████████████████████████████████████████| 255/255 [03:28<00:00,  1.22it/s, Loss_pi=2.29e-02, Loss_v=1.65e-14]
EPOCH ::: 63
Training Net: 100%|███████████████████████████████████████████████████████████████████████████████████████████████████████████████████████████████████████████████████████████████████████████████████████████████████████████████████████████████████████████████████████████████████████████████| 255/255 [03:28<00:00,  1.22it/s, Loss_pi=2.34e-02, Loss_v=8.72e-15]
EPOCH ::: 64
Training Net: 100%|███████████████████████████████████████████████████████████████████████████████████████████████████████████████████████████████████████████████████████████████████████████████████████████████████████████████████████████████████████████████████████████████████████████████| 255/255 [03:28<00:00,  1.22it/s, Loss_pi=2.25e-02, Loss_v=2.77e-14]
EPOCH ::: 65
Training Net: 100%|███████████████████████████████████████████████████████████████████████████████████████████████████████████████████████████████████████████████████████████████████████████████████████████████████████████████████████████████████████████████████████████████████████████████| 255/255 [03:28<00:00,  1.22it/s, Loss_pi=2.21e-02, Loss_v=3.00e-14]
EPOCH ::: 66
Training Net: 100%|███████████████████████████████████████████████████████████████████████████████████████████████████████████████████████████████████████████████████████████████████████████████████████████████████████████████████████████████████████████████████████████████████████████████| 255/255 [03:28<00:00,  1.22it/s, Loss_pi=2.26e-02, Loss_v=3.15e-14]
EPOCH ::: 67
Training Net: 100%|███████████████████████████████████████████████████████████████████████████████████████████████████████████████████████████████████████████████████████████████████████████████████████████████████████████████████████████████████████████████████████████████████████████████| 255/255 [03:28<00:00,  1.22it/s, Loss_pi=2.24e-02, Loss_v=2.12e-13]
EPOCH ::: 68
Training Net: 100%|███████████████████████████████████████████████████████████████████████████████████████████████████████████████████████████████████████████████████████████████████████████████████████████████████████████████████████████████████████████████████████████████████████████████| 255/255 [03:28<00:00,  1.22it/s, Loss_pi=2.21e-02, Loss_v=1.16e-13]
EPOCH ::: 69
Training Net: 100%|███████████████████████████████████████████████████████████████████████████████████████████████████████████████████████████████████████████████████████████████████████████████████████████████████████████████████████████████████████████████████████████████████████████████| 255/255 [03:28<00:00,  1.22it/s, Loss_pi=1.93e-02, Loss_v=3.96e-14]
EPOCH ::: 70
Training Net: 100%|███████████████████████████████████████████████████████████████████████████████████████████████████████████████████████████████████████████████████████████████████████████████████████████████████████████████████████████████████████████████████████████████████████████████| 255/255 [03:29<00:00,  1.22it/s, Loss_pi=1.91e-02, Loss_v=3.88e-14]
EPOCH ::: 71
Training Net: 100%|███████████████████████████████████████████████████████████████████████████████████████████████████████████████████████████████████████████████████████████████████████████████████████████████████████████████████████████████████████████████████████████████████████████████| 255/255 [03:28<00:00,  1.22it/s, Loss_pi=1.86e-02, Loss_v=5.06e-14]
EPOCH ::: 72
Training Net: 100%|███████████████████████████████████████████████████████████████████████████████████████████████████████████████████████████████████████████████████████████████████████████████████████████████████████████████████████████████████████████████████████████████████████████████| 255/255 [03:28<00:00,  1.22it/s, Loss_pi=2.05e-02, Loss_v=8.70e-15]
EPOCH ::: 73
Training Net: 100%|███████████████████████████████████████████████████████████████████████████████████████████████████████████████████████████████████████████████████████████████████████████████████████████████████████████████████████████████████████████████████████████████████████████████| 255/255 [03:28<00:00,  1.22it/s, Loss_pi=2.08e-02, Loss_v=2.83e-14]
EPOCH ::: 74
Training Net: 100%|███████████████████████████████████████████████████████████████████████████████████████████████████████████████████████████████████████████████████████████████████████████████████████████████████████████████████████████████████████████████████████████████████████████████| 255/255 [03:28<00:00,  1.22it/s, Loss_pi=2.03e-02, Loss_v=2.67e-14]
EPOCH ::: 75
Training Net: 100%|███████████████████████████████████████████████████████████████████████████████████████████████████████████████████████████████████████████████████████████████████████████████████████████████████████████████████████████████████████████████████████████████████████████████| 255/255 [03:28<00:00,  1.22it/s, Loss_pi=1.83e-02, Loss_v=5.35e-15]
EPOCH ::: 76
Training Net: 100%|███████████████████████████████████████████████████████████████████████████████████████████████████████████████████████████████████████████████████████████████████████████████████████████████████████████████████████████████████████████████████████████████████████████████| 255/255 [03:29<00:00,  1.22it/s, Loss_pi=1.73e-02, Loss_v=5.19e-15]
EPOCH ::: 77
Training Net: 100%|███████████████████████████████████████████████████████████████████████████████████████████████████████████████████████████████████████████████████████████████████████████████████████████████████████████████████████████████████████████████████████████████████████████████| 255/255 [03:28<00:00,  1.22it/s, Loss_pi=1.81e-02, Loss_v=1.09e-14]
EPOCH ::: 78
Training Net: 100%|███████████████████████████████████████████████████████████████████████████████████████████████████████████████████████████████████████████████████████████████████████████████████████████████████████████████████████████████████████████████████████████████████████████████| 255/255 [03:28<00:00,  1.22it/s, Loss_pi=1.82e-02, Loss_v=9.99e-15]
EPOCH ::: 79
Training Net: 100%|███████████████████████████████████████████████████████████████████████████████████████████████████████████████████████████████████████████████████████████████████████████████████████████████████████████████████████████████████████████████████████████████████████████████| 255/255 [03:28<00:00,  1.22it/s, Loss_pi=1.78e-02, Loss_v=6.16e-15]
EPOCH ::: 80
Training Net: 100%|███████████████████████████████████████████████████████████████████████████████████████████████████████████████████████████████████████████████████████████████████████████████████████████████████████████████████████████████████████████████████████████████████████████████| 255/255 [03:28<00:00,  1.22it/s, Loss_pi=1.82e-02, Loss_v=1.06e-14]
EPOCH ::: 81
Training Net: 100%|███████████████████████████████████████████████████████████████████████████████████████████████████████████████████████████████████████████████████████████████████████████████████████████████████████████████████████████████████████████████████████████████████████████████| 255/255 [03:29<00:00,  1.22it/s, Loss_pi=1.78e-02, Loss_v=1.35e-14]
EPOCH ::: 82
Training Net: 100%|███████████████████████████████████████████████████████████████████████████████████████████████████████████████████████████████████████████████████████████████████████████████████████████████████████████████████████████████████████████████████████████████████████████████| 255/255 [03:28<00:00,  1.22it/s, Loss_pi=1.78e-02, Loss_v=6.80e-15]
EPOCH ::: 83
Training Net: 100%|███████████████████████████████████████████████████████████████████████████████████████████████████████████████████████████████████████████████████████████████████████████████████████████████████████████████████████████████████████████████████████████████████████████████| 255/255 [03:28<00:00,  1.22it/s, Loss_pi=1.75e-02, Loss_v=6.82e-15]
EPOCH ::: 84
Training Net: 100%|███████████████████████████████████████████████████████████████████████████████████████████████████████████████████████████████████████████████████████████████████████████████████████████████████████████████████████████████████████████████████████████████████████████████| 255/255 [03:28<00:00,  1.22it/s, Loss_pi=1.64e-02, Loss_v=1.09e-14]
EPOCH ::: 85
Training Net: 100%|███████████████████████████████████████████████████████████████████████████████████████████████████████████████████████████████████████████████████████████████████████████████████████████████████████████████████████████████████████████████████████████████████████████████| 255/255 [03:28<00:00,  1.22it/s, Loss_pi=1.47e-02, Loss_v=1.46e-14]
EPOCH ::: 86
Training Net: 100%|███████████████████████████████████████████████████████████████████████████████████████████████████████████████████████████████████████████████████████████████████████████████████████████████████████████████████████████████████████████████████████████████████████████████| 255/255 [03:28<00:00,  1.22it/s, Loss_pi=1.58e-02, Loss_v=4.75e-15]
EPOCH ::: 87
Training Net: 100%|███████████████████████████████████████████████████████████████████████████████████████████████████████████████████████████████████████████████████████████████████████████████████████████████████████████████████████████████████████████████████████████████████████████████| 255/255 [03:28<00:00,  1.22it/s, Loss_pi=1.72e-02, Loss_v=8.78e-15]
EPOCH ::: 88
Training Net: 100%|███████████████████████████████████████████████████████████████████████████████████████████████████████████████████████████████████████████████████████████████████████████████████████████████████████████████████████████████████████████████████████████████████████████████| 255/255 [03:29<00:00,  1.22it/s, Loss_pi=1.63e-02, Loss_v=4.24e-15]
EPOCH ::: 89
Training Net: 100%|███████████████████████████████████████████████████████████████████████████████████████████████████████████████████████████████████████████████████████████████████████████████████████████████████████████████████████████████████████████████████████████████████████████████| 255/255 [03:29<00:00,  1.22it/s, Loss_pi=1.50e-02, Loss_v=1.39e-14]
EPOCH ::: 90
Training Net: 100%|███████████████████████████████████████████████████████████████████████████████████████████████████████████████████████████████████████████████████████████████████████████████████████████████████████████████████████████████████████████████████████████████████████████████| 255/255 [03:28<00:00,  1.22it/s, Loss_pi=1.54e-02, Loss_v=1.15e-13]
EPOCH ::: 91
Training Net: 100%|███████████████████████████████████████████████████████████████████████████████████████████████████████████████████████████████████████████████████████████████████████████████████████████████████████████████████████████████████████████████████████████████████████████████| 255/255 [03:28<00:00,  1.22it/s, Loss_pi=1.58e-02, Loss_v=2.01e-14]
EPOCH ::: 92
Training Net: 100%|███████████████████████████████████████████████████████████████████████████████████████████████████████████████████████████████████████████████████████████████████████████████████████████████████████████████████████████████████████████████████████████████████████████████| 255/255 [03:28<00:00,  1.22it/s, Loss_pi=1.44e-02, Loss_v=1.47e-14]
EPOCH ::: 93
Training Net: 100%|███████████████████████████████████████████████████████████████████████████████████████████████████████████████████████████████████████████████████████████████████████████████████████████████████████████████████████████████████████████████████████████████████████████████| 255/255 [03:28<00:00,  1.22it/s, Loss_pi=1.41e-02, Loss_v=1.63e-14]
EPOCH ::: 94
Training Net: 100%|███████████████████████████████████████████████████████████████████████████████████████████████████████████████████████████████████████████████████████████████████████████████████████████████████████████████████████████████████████████████████████████████████████████████| 255/255 [03:28<00:00,  1.22it/s, Loss_pi=1.54e-02, Loss_v=5.77e-15]
EPOCH ::: 95
Training Net: 100%|███████████████████████████████████████████████████████████████████████████████████████████████████████████████████████████████████████████████████████████████████████████████████████████████████████████████████████████████████████████████████████████████████████████████| 255/255 [03:28<00:00,  1.22it/s, Loss_pi=1.58e-02, Loss_v=2.90e-14]
EPOCH ::: 96
Training Net: 100%|███████████████████████████████████████████████████████████████████████████████████████████████████████████████████████████████████████████████████████████████████████████████████████████████████████████████████████████████████████████████████████████████████████████████| 255/255 [03:28<00:00,  1.22it/s, Loss_pi=1.49e-02, Loss_v=1.12e-14]
EPOCH ::: 97
Training Net: 100%|███████████████████████████████████████████████████████████████████████████████████████████████████████████████████████████████████████████████████████████████████████████████████████████████████████████████████████████████████████████████████████████████████████████████| 255/255 [03:28<00:00,  1.22it/s, Loss_pi=1.40e-02, Loss_v=2.10e-14]
EPOCH ::: 98
Training Net: 100%|███████████████████████████████████████████████████████████████████████████████████████████████████████████████████████████████████████████████████████████████████████████████████████████████████████████████████████████████████████████████████████████████████████████████| 255/255 [03:29<00:00,  1.22it/s, Loss_pi=1.36e-02, Loss_v=9.39e-15]
EPOCH ::: 99
Training Net: 100%|███████████████████████████████████████████████████████████████████████████████████████████████████████████████████████████████████████████████████████████████████████████████████████████████████████████████████████████████████████████████████████████████████████████████| 255/255 [03:29<00:00,  1.22it/s, Loss_pi=1.42e-02, Loss_v=7.96e-15]
EPOCH ::: 100
Training Net: 100%|███████████████████████████████████████████████████████████████████████████████████████████████████████████████████████████████████████████████████████████████████████████████████████████████████████████████████████████████████████████████████████████████████████████████| 255/255 [03:28<00:00,  1.22it/s, Loss_pi=1.47e-02, Loss_v=1.41e-14]
EPOCH ::: 101
Training Net: 100%|███████████████████████████████████████████████████████████████████████████████████████████████████████████████████████████████████████████████████████████████████████████████████████████████████████████████████████████████████████████████████████████████████████████████| 255/255 [03:29<00:00,  1.22it/s, Loss_pi=1.37e-02, Loss_v=2.46e-15]
EPOCH ::: 102
Training Net: 100%|███████████████████████████████████████████████████████████████████████████████████████████████████████████████████████████████████████████████████████████████████████████████████████████████████████████████████████████████████████████████████████████████████████████████| 255/255 [03:29<00:00,  1.22it/s, Loss_pi=1.41e-02, Loss_v=5.28e-14]
EPOCH ::: 103
Training Net: 100%|███████████████████████████████████████████████████████████████████████████████████████████████████████████████████████████████████████████████████████████████████████████████████████████████████████████████████████████████████████████████████████████████████████████████| 255/255 [03:28<00:00,  1.22it/s, Loss_pi=1.30e-02, Loss_v=1.52e-14]
EPOCH ::: 104
Training Net: 100%|███████████████████████████████████████████████████████████████████████████████████████████████████████████████████████████████████████████████████████████████████████████████████████████████████████████████████████████████████████████████████████████████████████████████| 255/255 [03:28<00:00,  1.22it/s, Loss_pi=1.24e-02, Loss_v=1.23e-14]
EPOCH ::: 105
Training Net: 100%|███████████████████████████████████████████████████████████████████████████████████████████████████████████████████████████████████████████████████████████████████████████████████████████████████████████████████████████████████████████████████████████████████████████████| 255/255 [03:28<00:00,  1.22it/s, Loss_pi=1.22e-02, Loss_v=2.08e-14]
EPOCH ::: 106
Training Net: 100%|███████████████████████████████████████████████████████████████████████████████████████████████████████████████████████████████████████████████████████████████████████████████████████████████████████████████████████████████████████████████████████████████████████████████| 255/255 [03:28<00:00,  1.22it/s, Loss_pi=1.26e-02, Loss_v=2.62e-15]
EPOCH ::: 107
Training Net: 100%|███████████████████████████████████████████████████████████████████████████████████████████████████████████████████████████████████████████████████████████████████████████████████████████████████████████████████████████████████████████████████████████████████████████████| 255/255 [03:29<00:00,  1.22it/s, Loss_pi=1.42e-02, Loss_v=4.04e-15]
EPOCH ::: 108
Training Net: 100%|███████████████████████████████████████████████████████████████████████████████████████████████████████████████████████████████████████████████████████████████████████████████████████████████████████████████████████████████████████████████████████████████████████████████| 255/255 [03:28<00:00,  1.22it/s, Loss_pi=1.24e-02, Loss_v=3.62e-14]
EPOCH ::: 109
Training Net: 100%|███████████████████████████████████████████████████████████████████████████████████████████████████████████████████████████████████████████████████████████████████████████████████████████████████████████████████████████████████████████████████████████████████████████████| 255/255 [03:28<00:00,  1.22it/s, Loss_pi=1.21e-02, Loss_v=1.48e-14]
EPOCH ::: 110
Training Net: 100%|███████████████████████████████████████████████████████████████████████████████████████████████████████████████████████████████████████████████████████████████████████████████████████████████████████████████████████████████████████████████████████████████████████████████| 255/255 [03:28<00:00,  1.22it/s, Loss_pi=1.36e-02, Loss_v=8.30e-15]
EPOCH ::: 111
Training Net: 100%|███████████████████████████████████████████████████████████████████████████████████████████████████████████████████████████████████████████████████████████████████████████████████████████████████████████████████████████████████████████████████████████████████████████████| 255/255 [03:29<00:00,  1.22it/s, Loss_pi=1.25e-02, Loss_v=3.21e-15]
EPOCH ::: 112
Training Net: 100%|███████████████████████████████████████████████████████████████████████████████████████████████████████████████████████████████████████████████████████████████████████████████████████████████████████████████████████████████████████████████████████████████████████████████| 255/255 [03:28<00:00,  1.22it/s, Loss_pi=1.16e-02, Loss_v=3.14e-14]
EPOCH ::: 113
Training Net: 100%|███████████████████████████████████████████████████████████████████████████████████████████████████████████████████████████████████████████████████████████████████████████████████████████████████████████████████████████████████████████████████████████████████████████████| 255/255 [03:28<00:00,  1.22it/s, Loss_pi=1.14e-02, Loss_v=3.37e-15]
EPOCH ::: 114
Training Net: 100%|███████████████████████████████████████████████████████████████████████████████████████████████████████████████████████████████████████████████████████████████████████████████████████████████████████████████████████████████████████████████████████████████████████████████| 255/255 [03:29<00:00,  1.22it/s, Loss_pi=1.25e-02, Loss_v=4.09e-14]
EPOCH ::: 115
Training Net: 100%|███████████████████████████████████████████████████████████████████████████████████████████████████████████████████████████████████████████████████████████████████████████████████████████████████████████████████████████████████████████████████████████████████████████████| 255/255 [03:28<00:00,  1.22it/s, Loss_pi=1.23e-02, Loss_v=4.31e-15]
EPOCH ::: 116
Training Net: 100%|███████████████████████████████████████████████████████████████████████████████████████████████████████████████████████████████████████████████████████████████████████████████████████████████████████████████████████████████████████████████████████████████████████████████| 255/255 [03:29<00:00,  1.22it/s, Loss_pi=1.09e-02, Loss_v=5.29e-14]
EPOCH ::: 117
Training Net: 100%|███████████████████████████████████████████████████████████████████████████████████████████████████████████████████████████████████████████████████████████████████████████████████████████████████████████████████████████████████████████████████████████████████████████████| 255/255 [03:28<00:00,  1.23it/s, Loss_pi=1.13e-02, Loss_v=8.99e-15]
EPOCH ::: 118
Training Net: 100%|███████████████████████████████████████████████████████████████████████████████████████████████████████████████████████████████████████████████████████████████████████████████████████████████████████████████████████████████████████████████████████████████████████████████| 255/255 [03:28<00:00,  1.22it/s, Loss_pi=1.25e-02, Loss_v=3.82e-15]
EPOCH ::: 119
Training Net: 100%|███████████████████████████████████████████████████████████████████████████████████████████████████████████████████████████████████████████████████████████████████████████████████████████████████████████████████████████████████████████████████████████████████████████████| 255/255 [03:28<00:00,  1.22it/s, Loss_pi=1.10e-02, Loss_v=5.80e-15]
EPOCH ::: 120
Training Net: 100%|███████████████████████████████████████████████████████████████████████████████████████████████████████████████████████████████████████████████████████████████████████████████████████████████████████████████████████████████████████████████████████████████████████████████| 255/255 [03:28<00:00,  1.22it/s, Loss_pi=1.10e-02, Loss_v=4.77e-15]
EPOCH ::: 121
Training Net: 100%|███████████████████████████████████████████████████████████████████████████████████████████████████████████████████████████████████████████████████████████████████████████████████████████████████████████████████████████████████████████████████████████████████████████████| 255/255 [03:29<00:00,  1.22it/s, Loss_pi=1.10e-02, Loss_v=1.99e-15]
EPOCH ::: 122
Training Net: 100%|███████████████████████████████████████████████████████████████████████████████████████████████████████████████████████████████████████████████████████████████████████████████████████████████████████████████████████████████████████████████████████████████████████████████| 255/255 [03:28<00:00,  1.22it/s, Loss_pi=1.26e-02, Loss_v=2.08e-15]
EPOCH ::: 123
Training Net: 100%|███████████████████████████████████████████████████████████████████████████████████████████████████████████████████████████████████████████████████████████████████████████████████████████████████████████████████████████████████████████████████████████████████████████████| 255/255 [03:28<00:00,  1.22it/s, Loss_pi=1.25e-02, Loss_v=9.73e-15]
EPOCH ::: 124
Training Net: 100%|███████████████████████████████████████████████████████████████████████████████████████████████████████████████████████████████████████████████████████████████████████████████████████████████████████████████████████████████████████████████████████████████████████████████| 255/255 [03:28<00:00,  1.23it/s, Loss_pi=1.07e-02, Loss_v=1.22e-14]
EPOCH ::: 125
Training Net: 100%|███████████████████████████████████████████████████████████████████████████████████████████████████████████████████████████████████████████████████████████████████████████████████████████████████████████████████████████████████████████████████████████████████████████████| 255/255 [03:27<00:00,  1.23it/s, Loss_pi=9.60e-03, Loss_v=4.49e-15]
EPOCH ::: 126
Training Net: 100%|███████████████████████████████████████████████████████████████████████████████████████████████████████████████████████████████████████████████████████████████████████████████████████████████████████████████████████████████████████████████████████████████████████████████| 255/255 [03:28<00:00,  1.22it/s, Loss_pi=9.65e-03, Loss_v=3.33e-14]
EPOCH ::: 127
Training Net: 100%|███████████████████████████████████████████████████████████████████████████████████████████████████████████████████████████████████████████████████████████████████████████████████████████████████████████████████████████████████████████████████████████████████████████████| 255/255 [03:27<00:00,  1.23it/s, Loss_pi=1.08e-02, Loss_v=3.74e-14]
EPOCH ::: 128
Training Net: 100%|███████████████████████████████████████████████████████████████████████████████████████████████████████████████████████████████████████████████████████████████████████████████████████████████████████████████████████████████████████████████████████████████████████████████| 255/255 [03:27<00:00,  1.23it/s, Loss_pi=1.14e-02, Loss_v=8.73e-15]
EPOCH ::: 129
Training Net: 100%|███████████████████████████████████████████████████████████████████████████████████████████████████████████████████████████████████████████████████████████████████████████████████████████████████████████████████████████████████████████████████████████████████████████████| 255/255 [03:27<00:00,  1.23it/s, Loss_pi=1.19e-02, Loss_v=7.79e-15]
EPOCH ::: 130
Training Net: 100%|███████████████████████████████████████████████████████████████████████████████████████████████████████████████████████████████████████████████████████████████████████████████████████████████████████████████████████████████████████████████████████████████████████████████| 255/255 [03:27<00:00,  1.23it/s, Loss_pi=1.04e-02, Loss_v=2.16e-15]
EPOCH ::: 131
Training Net: 100%|███████████████████████████████████████████████████████████████████████████████████████████████████████████████████████████████████████████████████████████████████████████████████████████████████████████████████████████████████████████████████████████████████████████████| 255/255 [03:27<00:00,  1.23it/s, Loss_pi=9.75e-03, Loss_v=3.00e-15]
EPOCH ::: 132
Training Net: 100%|███████████████████████████████████████████████████████████████████████████████████████████████████████████████████████████████████████████████████████████████████████████████████████████████████████████████████████████████████████████████████████████████████████████████| 255/255 [03:27<00:00,  1.23it/s, Loss_pi=1.01e-02, Loss_v=4.31e-15]
EPOCH ::: 133
Training Net: 100%|███████████████████████████████████████████████████████████████████████████████████████████████████████████████████████████████████████████████████████████████████████████████████████████████████████████████████████████████████████████████████████████████████████████████| 255/255 [03:27<00:00,  1.23it/s, Loss_pi=1.05e-02, Loss_v=5.58e-15]
EPOCH ::: 134
Training Net: 100%|███████████████████████████████████████████████████████████████████████████████████████████████████████████████████████████████████████████████████████████████████████████████████████████████████████████████████████████████████████████████████████████████████████████████| 255/255 [03:27<00:00,  1.23it/s, Loss_pi=1.01e-02, Loss_v=4.80e-14]
EPOCH ::: 135
Training Net: 100%|███████████████████████████████████████████████████████████████████████████████████████████████████████████████████████████████████████████████████████████████████████████████████████████████████████████████████████████████████████████████████████████████████████████████| 255/255 [03:28<00:00,  1.22it/s, Loss_pi=1.01e-02, Loss_v=4.37e-14]
EPOCH ::: 136
Training Net: 100%|███████████████████████████████████████████████████████████████████████████████████████████████████████████████████████████████████████████████████████████████████████████████████████████████████████████████████████████████████████████████████████████████████████████████| 255/255 [03:28<00:00,  1.22it/s, Loss_pi=9.93e-03, Loss_v=2.16e-15]
EPOCH ::: 137
Training Net: 100%|███████████████████████████████████████████████████████████████████████████████████████████████████████████████████████████████████████████████████████████████████████████████████████████████████████████████████████████████████████████████████████████████████████████████| 255/255 [03:29<00:00,  1.22it/s, Loss_pi=1.10e-02, Loss_v=1.90e-15]
EPOCH ::: 138
Training Net: 100%|███████████████████████████████████████████████████████████████████████████████████████████████████████████████████████████████████████████████████████████████████████████████████████████████████████████████████████████████████████████████████████████████████████████████| 255/255 [03:29<00:00,  1.22it/s, Loss_pi=1.04e-02, Loss_v=5.39e-15]
EPOCH ::: 139
Training Net: 100%|███████████████████████████████████████████████████████████████████████████████████████████████████████████████████████████████████████████████████████████████████████████████████████████████████████████████████████████████████████████████████████████████████████████████| 255/255 [03:29<00:00,  1.22it/s, Loss_pi=7.75e-03, Loss_v=3.22e-14]
EPOCH ::: 140
Training Net: 100%|███████████████████████████████████████████████████████████████████████████████████████████████████████████████████████████████████████████████████████████████████████████████████████████████████████████████████████████████████████████████████████████████████████████████| 255/255 [03:29<00:00,  1.22it/s, Loss_pi=9.37e-03, Loss_v=1.81e-14]
EPOCH ::: 141
Training Net: 100%|███████████████████████████████████████████████████████████████████████████████████████████████████████████████████████████████████████████████████████████████████████████████████████████████████████████████████████████████████████████████████████████████████████████████| 255/255 [03:30<00:00,  1.21it/s, Loss_pi=1.12e-02, Loss_v=6.60e-15]
EPOCH ::: 142
Training Net: 100%|███████████████████████████████████████████████████████████████████████████████████████████████████████████████████████████████████████████████████████████████████████████████████████████████████████████████████████████████████████████████████████████████████████████████| 255/255 [03:30<00:00,  1.21it/s, Loss_pi=9.70e-03, Loss_v=6.55e-15]
EPOCH ::: 143
Training Net: 100%|███████████████████████████████████████████████████████████████████████████████████████████████████████████████████████████████████████████████████████████████████████████████████████████████████████████████████████████████████████████████████████████████████████████████| 255/255 [03:30<00:00,  1.21it/s, Loss_pi=9.72e-03, Loss_v=7.44e-15]
EPOCH ::: 144
Training Net: 100%|███████████████████████████████████████████████████████████████████████████████████████████████████████████████████████████████████████████████████████████████████████████████████████████████████████████████████████████████████████████████████████████████████████████████| 255/255 [03:30<00:00,  1.21it/s, Loss_pi=8.66e-03, Loss_v=4.84e-15]
EPOCH ::: 145
Training Net: 100%|███████████████████████████████████████████████████████████████████████████████████████████████████████████████████████████████████████████████████████████████████████████████████████████████████████████████████████████████████████████████████████████████████████████████| 255/255 [03:30<00:00,  1.21it/s, Loss_pi=8.12e-03, Loss_v=4.36e-15]
EPOCH ::: 146
Training Net: 100%|███████████████████████████████████████████████████████████████████████████████████████████████████████████████████████████████████████████████████████████████████████████████████████████████████████████████████████████████████████████████████████████████████████████████| 255/255 [03:30<00:00,  1.21it/s, Loss_pi=7.99e-03, Loss_v=3.81e-15]
EPOCH ::: 147
Training Net: 100%|███████████████████████████████████████████████████████████████████████████████████████████████████████████████████████████████████████████████████████████████████████████████████████████████████████████████████████████████████████████████████████████████████████████████| 255/255 [03:30<00:00,  1.21it/s, Loss_pi=1.04e-02, Loss_v=4.33e-15]
EPOCH ::: 148
Training Net: 100%|███████████████████████████████████████████████████████████████████████████████████████████████████████████████████████████████████████████████████████████████████████████████████████████████████████████████████████████████████████████████████████████████████████████████| 255/255 [03:30<00:00,  1.21it/s, Loss_pi=1.02e-02, Loss_v=4.64e-15]
EPOCH ::: 149
Training Net: 100%|███████████████████████████████████████████████████████████████████████████████████████████████████████████████████████████████████████████████████████████████████████████████████████████████████████████████████████████████████████████████████████████████████████████████| 255/255 [03:30<00:00,  1.21it/s, Loss_pi=8.96e-03, Loss_v=3.31e-15]
EPOCH ::: 150
Training Net: 100%|███████████████████████████████████████████████████████████████████████████████████████████████████████████████████████████████████████████████████████████████████████████████████████████████████████████████████████████████████████████████████████████████████████████████| 255/255 [03:30<00:00,  1.21it/s, Loss_pi=7.89e-03, Loss_v=1.64e-14]
EPOCH ::: 151
Training Net: 100%|███████████████████████████████████████████████████████████████████████████████████████████████████████████████████████████████████████████████████████████████████████████████████████████████████████████████████████████████████████████████████████████████████████████████| 255/255 [03:30<00:00,  1.21it/s, Loss_pi=7.67e-03, Loss_v=1.23e-14]
EPOCH ::: 152
Training Net: 100%|███████████████████████████████████████████████████████████████████████████████████████████████████████████████████████████████████████████████████████████████████████████████████████████████████████████████████████████████████████████████████████████████████████████████| 255/255 [03:30<00:00,  1.21it/s, Loss_pi=8.07e-03, Loss_v=3.87e-14]
EPOCH ::: 153
Training Net: 100%|███████████████████████████████████████████████████████████████████████████████████████████████████████████████████████████████████████████████████████████████████████████████████████████████████████████████████████████████████████████████████████████████████████████████| 255/255 [03:29<00:00,  1.21it/s, Loss_pi=1.00e-02, Loss_v=5.64e-14]
EPOCH ::: 154
Training Net: 100%|███████████████████████████████████████████████████████████████████████████████████████████████████████████████████████████████████████████████████████████████████████████████████████████████████████████████████████████████████████████████████████████████████████████████| 255/255 [03:29<00:00,  1.21it/s, Loss_pi=1.03e-02, Loss_v=5.64e-15]
EPOCH ::: 155
Training Net: 100%|███████████████████████████████████████████████████████████████████████████████████████████████████████████████████████████████████████████████████████████████████████████████████████████████████████████████████████████████████████████████████████████████████████████████| 255/255 [03:29<00:00,  1.22it/s, Loss_pi=8.11e-03, Loss_v=3.28e-15]
EPOCH ::: 156
Training Net: 100%|███████████████████████████████████████████████████████████████████████████████████████████████████████████████████████████████████████████████████████████████████████████████████████████████████████████████████████████████████████████████████████████████████████████████| 255/255 [03:29<00:00,  1.22it/s, Loss_pi=6.59e-03, Loss_v=1.22e-14]
EPOCH ::: 157
Training Net: 100%|███████████████████████████████████████████████████████████████████████████████████████████████████████████████████████████████████████████████████████████████████████████████████████████████████████████████████████████████████████████████████████████████████████████████| 255/255 [03:29<00:00,  1.22it/s, Loss_pi=8.47e-03, Loss_v=7.94e-15]
EPOCH ::: 158
Training Net: 100%|███████████████████████████████████████████████████████████████████████████████████████████████████████████████████████████████████████████████████████████████████████████████████████████████████████████████████████████████████████████████████████████████████████████████| 255/255 [03:28<00:00,  1.22it/s, Loss_pi=8.83e-03, Loss_v=1.13e-14]
